<?xml version="1.0" encoding="UTF-8"?>
<testsuite xmlns:xsi="http://www.w3.org/2001/XMLSchema-instance" xsi:noNamespaceSchemaLocation="https://maven.apache.org/surefire/maven-surefire-plugin/xsd/surefire-test-report.xsd" name="uk.gov.gchq.palisade.example.rule.TestHireDateRule" time="0.005" tests="8" errors="0" skipped="0" failures="1">
  <properties>
[...]
</properties>
  <testcase name="testUnchangedWithHealthScreening" classname="uk.gov.gchq.palisade.example.rule.TestHireDateRule" time="0"/>
  <testcase name="testUnchangedWithSalaryAnalysis" classname="uk.gov.gchq.palisade.example.rule.TestHireDateRule" time="0"/>
  <testcase name="testHireDateRedacted" classname="uk.gov.gchq.palisade.example.rule.TestHireDateRule" time="0.001">
    <failure message="testHireDateRedacted(&quot;uk.gov.gchq.palisade.example.rule.HireDateRule@fcae085&quot; &lt;from rule&gt;, &quot;uk.gov.gchq.palisade.example.hrdatagenerator.types.Employee@3ce067bd[uid=UserId[id=reggiemint],name=Delpha Dickinson,dateOfBirth=5/11/1813,contactNumbers={uk.gov.gchq.palisade.example.hrdatagenerator.types.PhoneNumber@608b74f3[type=Mobile,phone number=01414906606],uk.gov.gchq.palisade.example.hrdatagenerator.types.PhoneNumber@1ef8f7e6[type=Work,phone number=01526301748]},emergencyContacts={uk.gov.gchq.palisade.example.hrdatagenerator.types.EmergencyContact@5a6f1342[contactName=Alvina Schulist,relation=CHILDREN,contactNumbers={uk.gov.gchq.palisade.example.hrdatagenerator.types.PhoneNumber@650d5a3d[type=Mobile,phone number=02034085592]}]},address=uk.gov.gchq.palisade.example.hrdatagenerator.types.Address@5e9a9683[streetAddressNumber=262,streetName=Russel Locks,city=Bahringerburgh,state=Missouri,zipCode=Z28 6XL],bankDetails=uk.gov.gchq.palisade.example.hrdatagenerator.types.BankDetails@7040d71[sortCode=422009,accountNumber=49037439],taxCode=11500L,nationality=Tajik,manager={uk.gov.gchq.palisade.example.hrdatagenerator.types.Manager@2553fbd0[uid=UserId[id=1252742854],manager={uk.gov.gchq.palisade.example.hrdatagenerator.types.Manager@2a8081f5[uid=UserId[id=1417108800],manager={uk.gov.gchq.palisade.example.hrdatagenerator.types.Manager@20a434a8[uid=UserId[id=90835006],manager=&lt;null&gt;],uk.gov.gchq.palisade.example.hrdatagenerator.types.Manager@7ecca48[uid=UserId[id=336611363],manager=&lt;null&gt;],uk.gov.gchq.palisade.example.hrdatagenerator.types.Manager@3d5b2c1e[uid=UserId[id=1635683955],manager=&lt;null&gt;]}],uk.gov.gchq.palisade.example.hrdatagenerator.types.Manager@137a9d69[uid=UserId[id=812182689],manager={uk.gov.gchq.palisade.example.hrdatagenerator.types.Manager@12faeada[uid=UserId[id=1339970820],manager=&lt;null&gt;],uk.gov.gchq.palisade.example.hrdatagenerator.types.Manager@73a5cc47[uid=UserId[id=300138075],manager=&lt;null&gt;],uk.gov.gchq.palisade.example.hrdatagenerator.types.Manager@17fa25f1[uid=UserId[id=1888202834],manager=&lt;null&gt;]}],uk.gov.gchq.palisade.example.hrdatagenerator.types.Manager@50ac63b2[uid=UserId[id=1492389415],manager={uk.gov.gchq.palisade.example.hrdatagenerator.types.Manager@1545ef47[uid=UserId[id=966836660],manager=&lt;null&gt;],uk.gov.gchq.palisade.example.hrdatagenerator.types.Manager@48dfce5c[uid=UserId[id=1729213477],manager=&lt;null&gt;],uk.gov.gchq.palisade.example.hrdatagenerator.types.Manager@eccaf1b[uid=UserId[id=10420737],manager=&lt;null&gt;]}]}],uk.gov.gchq.palisade.example.hrdatagenerator.types.Manager@3dceec83[uid=UserId[id=10791477],manager={uk.gov.gchq.palisade.example.hrdatagenerator.types.Manager@74b13aa[uid=UserId[id=1830200592],manager={uk.gov.gchq.palisade.example.hrdatagenerator.types.Manager@31d09031[uid=UserId[id=1123424220],manager=&lt;null&gt;],uk.gov.gchq.palisade.example.hrdatagenerator.types.Manager@5a0f5567[uid=UserId[id=50289888],manager=&lt;null&gt;],uk.gov.gchq.palisade.example.hrdatagenerator.types.Manager@106f0051[uid=UserId[id=1597694500],manager=&lt;null&gt;]}],uk.gov.gchq.palisade.example.hrdatagenerator.types.Manager@4fe687b5[uid=UserId[id=1513997357],manager={uk.gov.gchq.palisade.example.hrdatagenerator.types.Manager@7a02d760[uid=UserId[id=304991452],manager=&lt;null&gt;],uk.gov.gchq.palisade.example.hrdatagenerator.types.Manager@5a86112a[uid=UserId[id=590622333],manager=&lt;null&gt;],uk.gov.gchq.palisade.example.hrdatagenerator.types.Manager@3203ffa3[uid=UserId[id=1034503676],manager=&lt;null&gt;]}],uk.gov.gchq.palisade.example.hrdatagenerator.types.Manager@49231d79[uid=UserId[id=161894055],manager={uk.gov.gchq.palisade.example.hrdatagenerator.types.Manager@25f67aea[uid=UserId[id=1169422536],manager=&lt;null&gt;],uk.gov.gchq.palisade.example.hrdatagenerator.types.Manager@4f93303f[uid=UserId[id=1311235345],manager=&lt;null&gt;],uk.gov.gchq.palisade.example.hrdatagenerator.types.Manager@62c02089[uid=UserId[id=1239313358],manager=&lt;null&gt;]}]}],uk.gov.gchq.palisade.example.hrdatagenerator.types.Manager@3359217d[uid=UserId[id=2050698229],manager={uk.gov.gchq.palisade.example.hrdatagenerator.types.Manager@25ee3cd6[uid=UserId[id=440048504],manager={uk.gov.gchq.palisade.example.hrdatagenerator.types.Manager@732ae29c[uid=UserId[id=588558884],manager=&lt;null&gt;],uk.gov.gchq.palisade.example.hrdatagenerator.types.Manager@100d5018[uid=UserId[id=1338663600],manager=&lt;null&gt;],uk.gov.gchq.palisade.example.hrdatagenerator.types.Manager@6a25c9ad[uid=UserId[id=408456151],manager=&lt;null&gt;]}],uk.gov.gchq.palisade.example.hrdatagenerator.types.Manager@3e7940b3[uid=UserId[id=396655486],manager={uk.gov.gchq.palisade.example.hrdatagenerator.types.Manager@1ae37be2[uid=UserId[id=2788683],manager=&lt;null&gt;],uk.gov.gchq.palisade.example.hrdatagenerator.types.Manager@60147536[uid=UserId[id=22944598],manager=&lt;null&gt;],uk.gov.gchq.palisade.example.hrdatagenerator.types.Manager@2438a038[uid=UserId[id=1467861996],manager=&lt;null&gt;]}],uk.gov.gchq.palisade.example.hrdatagenerator.types.Manager@50b010d4[uid=UserId[id=345837908],manager={uk.gov.gchq.palisade.example.hrdatagenerator.types.Manager@510d4d4b[uid=UserId[id=1044234514],manager=&lt;null&gt;],uk.gov.gchq.palisade.example.hrdatagenerator.types.Manager@12f32f99[uid=UserId[id=382369865],manager=&lt;null&gt;],uk.gov.gchq.palisade.example.hrdatagenerator.types.Manager@73ab649f[uid=UserId[id=1046930528],manager=&lt;null&gt;]}]}]},hireDate=5/11/1852,grade=Grade5,department=IT,salaryAmount=641058,salaryBonus=9522,workLocation=uk.gov.gchq.palisade.example.hrdatagenerator.types.WorkLocation@234dfc8e[workLocationName=London,address=uk.gov.gchq.palisade.example.hrdatagenerator.types.Address@18918ab9[streetAddressNumber=87,streetName=Velda Park,city=Port Katlyn,state=Tennessee,zipCode=TO8P 3JE]],sex=Not_Known]&quot; &lt;from records[0]&gt;, &quot;ExampleUser[userId=UserId[id=reggiemint],roles=[SuiteUser, GlossaryBasicUser, CMUser],auths=[],name=Reggie Mint,email=reggie.mint@cocopharmaceutical.com,dn=uid=reggiemint,ou=People,dc=example,dc=org]&quot; &lt;from users[0]&gt;, &quot;Context[contents={purpose=SALARY_ANALYSIS}]&quot; &lt;from contexts[3]&gt;)" type="org.junit.experimental.theories.internal.ParameterizedAssertionError"><![CDATA[org.junit.experimental.theories.internal.ParameterizedAssertionError: testHireDateRedacted("uk.gov.gchq.palisade.example.rule.HireDateRule@fcae085" <from rule>, "uk.gov.gchq.palisade.example.hrdatagenerator.types.Employee@3ce067bd[uid=UserId[id=reggiemint],name=Delpha Dickinson,dateOfBirth=5/11/1813,contactNumbers={uk.gov.gchq.palisade.example.hrdatagenerator.types.PhoneNumber@608b74f3[type=Mobile,phone number=01414906606],uk.gov.gchq.palisade.example.hrdatagenerator.types.PhoneNumber@1ef8f7e6[type=Work,phone number=01526301748]},emergencyContacts={uk.gov.gchq.palisade.example.hrdatagenerator.types.EmergencyContact@5a6f1342[contactName=Alvina Schulist,relation=CHILDREN,contactNumbers={uk.gov.gchq.palisade.example.hrdatagenerator.types.PhoneNumber@650d5a3d[type=Mobile,phone number=02034085592]}]},address=uk.gov.gchq.palisade.example.hrdatagenerator.types.Address@5e9a9683[streetAddressNumber=262,streetName=Russel Locks,city=Bahringerburgh,state=Missouri,zipCode=Z28 6XL],bankDetails=uk.gov.gchq.palisade.example.hrdatagenerator.types.BankDetails@7040d71[sortCode=422009,accountNumber=49037439],taxCode=11500L,nationality=Tajik,manager={uk.gov.gchq.palisade.example.hrdatagenerator.types.Manager@2553fbd0[uid=UserId[id=1252742854],manager={uk.gov.gchq.palisade.example.hrdatagenerator.types.Manager@2a8081f5[uid=UserId[id=1417108800],manager={uk.gov.gchq.palisade.example.hrdatagenerator.types.Manager@20a434a8[uid=UserId[id=90835006],manager=<null>],uk.gov.gchq.palisade.example.hrdatagenerator.types.Manager@7ecca48[uid=UserId[id=336611363],manager=<null>],uk.gov.gchq.palisade.example.hrdatagenerator.types.Manager@3d5b2c1e[uid=UserId[id=1635683955],manager=<null>]}],uk.gov.gchq.palisade.example.hrdatagenerator.types.Manager@137a9d69[uid=UserId[id=812182689],manager={uk.gov.gchq.palisade.example.hrdatagenerator.types.Manager@12faeada[uid=UserId[id=1339970820],manager=<null>],uk.gov.gchq.palisade.example.hrdatagenerator.types.Manager@73a5cc47[uid=UserId[id=300138075],manager=<null>],uk.gov.gchq.palisade.example.hrdatagenerator.types.Manager@17fa25f1[uid=UserId[id=1888202834],manager=<null>]}],uk.gov.gchq.palisade.example.hrdatagenerator.types.Manager@50ac63b2[uid=UserId[id=1492389415],manager={uk.gov.gchq.palisade.example.hrdatagenerator.types.Manager@1545ef47[uid=UserId[id=966836660],manager=<null>],uk.gov.gchq.palisade.example.hrdatagenerator.types.Manager@48dfce5c[uid=UserId[id=1729213477],manager=<null>],uk.gov.gchq.palisade.example.hrdatagenerator.types.Manager@eccaf1b[uid=UserId[id=10420737],manager=<null>]}]}],uk.gov.gchq.palisade.example.hrdatagenerator.types.Manager@3dceec83[uid=UserId[id=10791477],manager={uk.gov.gchq.palisade.example.hrdatagenerator.types.Manager@74b13aa[uid=UserId[id=1830200592],manager={uk.gov.gchq.palisade.example.hrdatagenerator.types.Manager@31d09031[uid=UserId[id=1123424220],manager=<null>],uk.gov.gchq.palisade.example.hrdatagenerator.types.Manager@5a0f5567[uid=UserId[id=50289888],manager=<null>],uk.gov.gchq.palisade.example.hrdatagenerator.types.Manager@106f0051[uid=UserId[id=1597694500],manager=<null>]}],uk.gov.gchq.palisade.example.hrdatagenerator.types.Manager@4fe687b5[uid=UserId[id=1513997357],manager={uk.gov.gchq.palisade.example.hrdatagenerator.types.Manager@7a02d760[uid=UserId[id=304991452],manager=<null>],uk.gov.gchq.palisade.example.hrdatagenerator.types.Manager@5a86112a[uid=UserId[id=590622333],manager=<null>],uk.gov.gchq.palisade.example.hrdatagenerator.types.Manager@3203ffa3[uid=UserId[id=1034503676],manager=<null>]}],uk.gov.gchq.palisade.example.hrdatagenerator.types.Manager@49231d79[uid=UserId[id=161894055],manager={uk.gov.gchq.palisade.example.hrdatagenerator.types.Manager@25f67aea[uid=UserId[id=1169422536],manager=<null>],uk.gov.gchq.palisade.example.hrdatagenerator.types.Manager@4f93303f[uid=UserId[id=1311235345],manager=<null>],uk.gov.gchq.palisade.example.hrdatagenerator.types.Manager@62c02089[uid=UserId[id=1239313358],manager=<null>]}]}],uk.gov.gchq.palisade.example.hrdatagenerator.types.Manager@3359217d[uid=UserId[id=2050698229],manager={uk.gov.gchq.palisade.example.hrdatagenerator.types.Manager@25ee3cd6[uid=UserId[id=440048504],manager={uk.gov.gchq.palisade.example.hrdatagenerator.types.Manager@732ae29c[uid=UserId[id=588558884],manager=<null>],uk.gov.gchq.palisade.example.hrdatagenerator.types.Manager@100d5018[uid=UserId[id=1338663600],manager=<null>],uk.gov.gchq.palisade.example.hrdatagenerator.types.Manager@6a25c9ad[uid=UserId[id=408456151],manager=<null>]}],uk.gov.gchq.palisade.example.hrdatagenerator.types.Manager@3e7940b3[uid=UserId[id=396655486],manager={uk.gov.gchq.palisade.example.hrdatagenerator.types.Manager@1ae37be2[uid=UserId[id=2788683],manager=<null>],uk.gov.gchq.palisade.example.hrdatagenerator.types.Manager@60147536[uid=UserId[id=22944598],manager=<null>],uk.gov.gchq.palisade.example.hrdatagenerator.types.Manager@2438a038[uid=UserId[id=1467861996],manager=<null>]}],uk.gov.gchq.palisade.example.hrdatagenerator.types.Manager@50b010d4[uid=UserId[id=345837908],manager={uk.gov.gchq.palisade.example.hrdatagenerator.types.Manager@510d4d4b[uid=UserId[id=1044234514],manager=<null>],uk.gov.gchq.palisade.example.hrdatagenerator.types.Manager@12f32f99[uid=UserId[id=382369865],manager=<null>],uk.gov.gchq.palisade.example.hrdatagenerator.types.Manager@73ab649f[uid=UserId[id=1046930528],manager=<null>]}]}]},hireDate=5/11/1852,grade=Grade5,department=IT,salaryAmount=641058,salaryBonus=9522,workLocation=uk.gov.gchq.palisade.example.hrdatagenerator.types.WorkLocation@234dfc8e[workLocationName=London,address=uk.gov.gchq.palisade.example.hrdatagenerator.types.Address@18918ab9[streetAddressNumber=87,streetName=Velda Park,city=Port Katlyn,state=Tennessee,zipCode=TO8P 3JE]],sex=Not_Known]" <from records[0]>, "ExampleUser[userId=UserId[id=reggiemint],roles=[SuiteUser, GlossaryBasicUser, CMUser],auths=[],name=Reggie Mint,email=reggie.mint@cocopharmaceutical.com,dn=uid=reggiemint,ou=People,dc=example,dc=org]" <from users[0]>, "Context[contents={purpose=SALARY_ANALYSIS}]" <from contexts[3]>)
	at uk.gov.gchq.palisade.example.rule.TestHireDateRule.testHireDateRedacted(TestHireDateRule.java:76)
]]></failure>
  </testcase>
  <testcase name="testUnchangedWithProfileAccess" classname="uk.gov.gchq.palisade.example.rule.TestHireDateRule" time="0"/>
  <testcase name="testContextWithoutPurpose" classname="uk.gov.gchq.palisade.example.rule.TestHireDateRule" time="0"/>
  <testcase name="testNullUser" classname="uk.gov.gchq.palisade.example.rule.TestHireDateRule" time="0"/>
  <testcase name="testNullContext" classname="uk.gov.gchq.palisade.example.rule.TestHireDateRule" time="0"/>
  <testcase name="testNullEmployee" classname="uk.gov.gchq.palisade.example.rule.TestHireDateRule" time="0"/>
</testsuite>