<?xml version="1.0" encoding="UTF-8"?>
<testsuite xmlns:xsi="http://www.w3.org/2001/XMLSchema-instance" xsi:noNamespaceSchemaLocation="https://maven.apache.org/surefire/maven-surefire-plugin/xsd/surefire-test-report.xsd" name="uk.gov.gchq.palisade.example.rule.TestSalaryRule" time="0.004" tests="7" errors="0" skipped="0" failures="0">
  <properties>
[...]
</properties>
  <testcase name="testSalaryRedacted" classname="uk.gov.gchq.palisade.example.rule.TestSalaryRule" time="0"/>
  <testcase name="testUnchangedWithSalaryAnalysis" classname="uk.gov.gchq.palisade.example.rule.TestSalaryRule" time="0"/>
  <testcase name="testUnchangedWithProfileAccess" classname="uk.gov.gchq.palisade.example.rule.TestSalaryRule" time="0"/>
  <testcase name="testContextWithoutPurpose" classname="uk.gov.gchq.palisade.example.rule.TestSalaryRule" time="0"/>
  <testcase name="testNullUser" classname="uk.gov.gchq.palisade.example.rule.TestSalaryRule" time="0"/>
  <testcase name="testNullContext" classname="uk.gov.gchq.palisade.example.rule.TestSalaryRule" time="0"/>
  <testcase name="testNullEmployee" classname="uk.gov.gchq.palisade.example.rule.TestSalaryRule" time="0"/>
</testsuite>